Adding lancer first
Then the rest of the lancers 
Then the rest of the lancers 
Then the rest of the fighters 
Then the rest of the fighters 
Then the rest of the fighters 
And finally warlord 
There is no lancer so we get first fighter
If no lancers add fighters from second
If no lancers add fighters from second
And finally warlord 
There is no lancer so we get first fighter
If no lancers add fighters from second
And finally warlord 
There is no lancer so we get first fighter
And finally warlord 
Adding lancer first
Then the rest of the lancers 
Then the rest of the fighters 
Then the rest of the fighters 
Then the rest of the fighters 
And finally warlord 
And finally warlord 
Adding lancer first
And finally warlord 
And finally warlord 
Adding lancer first
Then we add healers
Then we add healers
Then the rest of the lancers 
Then the rest of the fighters 
Then the rest of the fighters 
And finally warlord 
There is no lancer so we get first fighter
Then we add healers
Then we add healers
If no lancers add fighters from second
If no lancers add fighters from second
And finally warlord 
There is no lancer so we get first fighter
Then we add healers
Then we add healers
If no lancers add fighters from second
And finally warlord 
Adding lancer first
Then we add healers
Then we add healers
And finally warlord 
There is no lancer so we get first fighter
Then we add healers
Then we add healers
And finally warlord 
Then we add healers
Then we add healers
And finally warlord 
Then we add healers
And finally warlord 
And finally warlord 
Adding lancer first
Then the rest of the lancers 
Then the rest of the fighters 
Then the rest of the fighters 
Then the rest of the fighters 
And finally warlord 
There is no lancer so we get first fighter
Then we add healers
Then we add healers
Then we add healers
Then we add healers
Then we add healers
If no lancers add fighters from second
If no lancers add fighters from second
And finally warlord 
Adding lancer first
And finally warlord 
There is no lancer so we get first fighter
Then we add healers
Then we add healers
Then we add healers
Then we add healers
Then we add healers
If no lancers add fighters from second
And finally warlord 
And finally warlord 
There is no lancer so we get first fighter
Then we add healers
Then we add healers
Then we add healers
Then we add healers
Then we add healers
And finally warlord 
Adding lancer first
Then the rest of the lancers 
Then the rest of the lancers 
Then the rest of the fighters 
Then the rest of the fighters 
Then the rest of the fighters 
And finally warlord 
There is no lancer so we get first fighter
If no lancers add fighters from second
If no lancers add fighters from second
And finally warlord 
There is no lancer so we get first fighter
If no lancers add fighters from second
And finally warlord 
There is no lancer so we get first fighter
And finally warlord 
Adding lancer first
Then the rest of the lancers 
Then the rest of the fighters 
Then the rest of the fighters 
Then the rest of the fighters 
And finally warlord 
And finally warlord 
Adding lancer first
And finally warlord 
And finally warlord 
